  源.cpp
c:\users\g'x'y\desktop\计图\project4\project4\源.cpp(26): warning C4244: “初始化”: 从“double”转换到“float”，可能丢失数据
c:\users\g'x'y\desktop\计图\project4\project4\源.cpp(36): warning C4244: “=”: 从“double”转换到“float”，可能丢失数据
c:\users\g'x'y\desktop\计图\project4\project4\源.cpp(37): warning C4244: “=”: 从“double”转换到“float”，可能丢失数据
c:\users\g'x'y\desktop\计图\project4\project4\源.cpp(38): warning C4244: “=”: 从“double”转换到“float”，可能丢失数据
c:\users\g'x'y\desktop\计图\project4\project4\源.cpp(39): warning C4244: “=”: 从“double”转换到“float”，可能丢失数据
c:\users\g'x'y\desktop\计图\project4\project4\源.cpp(52): warning C4244: “=”: 从“int”转换到“float”，可能丢失数据
c:\users\g'x'y\desktop\计图\project4\project4\源.cpp(53): warning C4244: “=”: 从“int”转换到“float”，可能丢失数据
c:\users\g'x'y\desktop\计图\project4\project4\源.cpp(54): warning C4244: “=”: 从“int”转换到“float”，可能丢失数据
c:\users\g'x'y\desktop\计图\project4\project4\源.cpp(55): warning C4244: “=”: 从“int”转换到“float”，可能丢失数据
c:\users\g'x'y\desktop\计图\project4\project4\源.cpp(56): warning C4244: “=”: 从“int”转换到“float”，可能丢失数据
c:\users\g'x'y\desktop\计图\project4\project4\源.cpp(57): warning C4244: “=”: 从“int”转换到“float”，可能丢失数据
c:\users\g'x'y\desktop\计图\project4\project4\源.cpp(58): warning C4244: “=”: 从“int”转换到“float”，可能丢失数据
c:\users\g'x'y\desktop\计图\project4\project4\源.cpp(59): warning C4244: “=”: 从“int”转换到“float”，可能丢失数据
c:\users\g'x'y\desktop\计图\project4\project4\源.cpp(62): warning C4305: “初始化”: 从“double”到“float”截断
c:\users\g'x'y\desktop\计图\project4\project4\源.cpp(63): warning C4305: “+=”: 从“double”到“float”截断
c:\users\g'x'y\desktop\计图\project4\project4\源.cpp(65): warning C4244: “=”: 从“float”转换到“int”，可能丢失数据
c:\users\g'x'y\desktop\计图\project4\project4\源.cpp(66): warning C4244: “=”: 从“float”转换到“int”，可能丢失数据
c:\users\g'x'y\desktop\计图\project4\project4\源.cpp(73): warning C4018: “<”: 有符号/无符号不匹配
  源1.cpp
  正在生成代码...
  Project4.vcxproj -> C:\Users\g'x'y\Desktop\计图\Project4\Debug\Project4.exe
